<?xml version="1.0" encoding="UTF-8"?>
<!-- Generated by org.testng.reporters.JUnitXMLReporter -->
<testsuite ignored="10" hostname="DESKTOP-03GMD6O" failures="0" tests="1" name="Default test" time="1.1" errors="0" timestamp="2025-02-06T11:28:59 MST">
  <testcase classname="interviewEPAM.SQATestTask" name="getPostByIdNegative" time="1.08"/>
  <testcase classname="interviewEPAM.SQATestTask" name="getAllPosts" time="0.0">
    <ignored/>
  </testcase> <!-- getAllPosts -->
  <testcase classname="interviewEPAM.SQATestTask" name="postRequest" time="0.0">
    <ignored/>
  </testcase> <!-- postRequest -->
  <testcase classname="interviewEPAM.SQATestTask" name="getPostById" time="0.0">
    <ignored/>
  </testcase> <!-- getPostById -->
  <testcase classname="interviewEPAM.SQATestTask" name="patchData" time="0.0">
    <ignored/>
  </testcase> <!-- patchData -->
  <testcase classname="interviewEPAM.SQATestTask" name="deleteTestPostsNegative" time="0.0">
    <ignored/>
  </testcase> <!-- deleteTestPostsNegative -->
  <testcase classname="interviewEPAM.SQATestTask" name="updateDataNegative" time="0.0">
    <ignored/>
  </testcase> <!-- updateDataNegative -->
  <testcase classname="interviewEPAM.SQATestTask" name="getAllComments" time="0.0">
    <ignored/>
  </testcase> <!-- getAllComments -->
  <testcase classname="interviewEPAM.SQATestTask" name="updateData" time="0.0">
    <ignored/>
  </testcase> <!-- updateData -->
  <testcase classname="interviewEPAM.SQATestTask" name="deleteTestPosts" time="0.0">
    <ignored/>
  </testcase> <!-- deleteTestPosts -->
  <testcase classname="interviewEPAM.SQATestTask" name="patchDataNegative" time="0.0">
    <ignored/>
  </testcase> <!-- patchDataNegative -->
</testsuite> <!-- Default test -->
