<?xml version="1.0" encoding="UTF-8"?>
<!-- Generated by org.testng.reporters.JUnitXMLReporter -->
<testsuite ignored="0" hostname="DESKTOP-03GMD6O" failures="0" tests="11" name="Default test" time="4.537" errors="0" timestamp="2025-02-06T16:38:32 MST">
  <testcase classname="interviewEPAM.SQATestTask" name="getAllComments" time="1.637"/>
  <testcase classname="interviewEPAM.SQATestTask" name="getAllPosts" time="0.214"/>
  <testcase classname="interviewEPAM.SQATestTask" name="getPostById" time="0.293"/>
  <testcase classname="interviewEPAM.SQATestTask" name="getPostByIdNegative" time="0.173"/>
  <testcase classname="interviewEPAM.SQATestTask" name="postRequest" time="0.461"/>
  <testcase classname="interviewEPAM.SQATestTask" name="updateData" time="0.224"/>
  <testcase classname="interviewEPAM.SQATestTask" name="patchData" time="0.301"/>
  <testcase classname="interviewEPAM.SQATestTask" name="updateDataNegative" time="0.358"/>
  <testcase classname="interviewEPAM.SQATestTask" name="patchDataNegative" time="0.309"/>
  <testcase classname="interviewEPAM.SQATestTask" name="deleteTestPosts" time="0.27"/>
  <testcase classname="interviewEPAM.SQATestTask" name="deleteTestPostsNegative" time="0.268"/>
</testsuite> <!-- Default test -->
