<?xml version="1.0" encoding="UTF-8"?>
<!-- Generated by org.testng.reporters.JUnitXMLReporter -->
<testsuite ignored="0" hostname="DESKTOP-03GMD6O" failures="0" tests="11" name="SQATestTask" time="2.256" errors="0" timestamp="2025-02-06T16:41:39 MST">
  <testcase classname="interviewEPAM.SQATestTask" name="getPostByIdNegative" time="1.551"/>
  <testcase classname="interviewEPAM.SQATestTask" name="deleteTestPosts" time="1.606"/>
  <testcase classname="interviewEPAM.SQATestTask" name="updateDataNegative" time="1.744"/>
  <testcase classname="interviewEPAM.SQATestTask" name="deleteTestPostsNegative" time="0.286"/>
  <testcase classname="interviewEPAM.SQATestTask" name="getPostById" time="2.2"/>
  <testcase classname="interviewEPAM.SQATestTask" name="patchDataNegative" time="2.218"/>
  <testcase classname="interviewEPAM.SQATestTask" name="patchData" time="2.218"/>
  <testcase classname="interviewEPAM.SQATestTask" name="postRequest" time="2.219"/>
  <testcase classname="interviewEPAM.SQATestTask" name="updateData" time="2.219"/>
  <testcase classname="interviewEPAM.SQATestTask" name="getAllComments" time="2.219"/>
  <testcase classname="interviewEPAM.SQATestTask" name="getAllPosts" time="2.232"/>
</testsuite> <!-- SQATestTask -->
