<?xml version="1.0" encoding="UTF-8"?>
<testng-results ignored="10" total="11" passed="1" failed="0" skipped="0">
  <reporter-output>
  </reporter-output>
  <suite started-at="2025-02-06T11:28:58 MST" name="Default suite" finished-at="2025-02-06T11:28:59 MST" duration-ms="1100">
    <groups>
    </groups>
    <test started-at="2025-02-06T11:28:58 MST" name="Default test" finished-at="2025-02-06T11:28:59 MST" duration-ms="1100">
      <class name="interviewEPAM.SQATestTask">
        <test-method signature="getPostByIdNegative()[pri:3, instance:interviewEPAM.SQATestTask@4d0f2471]" started-at="2025-02-06T11:28:58 MST" name="getPostByIdNegative" finished-at="2025-02-06T11:28:59 MST" duration-ms="1080" status="PASS">
          <reporter-output>
          </reporter-output>
        </test-method> <!-- getPostByIdNegative -->
      </class> <!-- interviewEPAM.SQATestTask -->
    </test> <!-- Default test -->
  </suite> <!-- Default suite -->
</testng-results>
